TN:
SF:src/services/root-reducer/root-reducer.ts
FNF:0
FNH:0
DA:1,1
DA:2,1
DA:3,1
DA:4,1
DA:5,1
DA:6,1
DA:7,1
DA:8,1
DA:9,1
DA:10,1
DA:11,1
DA:12,1
DA:13,1
DA:14,1
DA:15,1
DA:16,1
DA:17,1
DA:18,1
LF:18
LH:18
BRF:0
BRH:0
end_of_record
TN:
SF:src/services/slices/burgerConstructor-slice/burgerConstructor.ts
FN:20,addToNewBurger
FN:35,removeFromNewBurger
FN:43,deleteBurger
FN:47,handleMoveUp
FN:58,handleMoveDown
FN:71,selectBurgerBun
FN:72,selectBurgerIngredients
FNF:7
FNH:7
FNDA:2,addToNewBurger
FNDA:1,removeFromNewBurger
FNDA:1,deleteBurger
FNDA:1,handleMoveUp
FNDA:1,handleMoveDown
FNDA:1,selectBurgerBun
FNDA:1,selectBurgerIngredients
DA:1,1
DA:2,1
DA:3,1
DA:4,1
DA:5,1
DA:6,1
DA:7,1
DA:8,1
DA:9,1
DA:10,1
DA:11,1
DA:12,1
DA:13,1
DA:14,1
DA:15,1
DA:16,1
DA:17,1
DA:18,1
DA:19,1
DA:20,1
DA:21,2
DA:22,2
DA:23,2
DA:24,2
DA:25,2
DA:26,2
DA:27,2
DA:28,2
DA:29,2
DA:30,1
DA:31,1
DA:32,1
DA:33,1
DA:34,1
DA:35,1
DA:36,1
DA:37,1
DA:38,1
DA:39,1
DA:40,1
DA:41,1
DA:42,1
DA:43,1
DA:44,1
DA:45,1
DA:46,1
DA:47,1
DA:48,1
DA:49,1
DA:50,1
DA:51,1
DA:52,1
DA:53,1
DA:54,1
DA:55,1
DA:56,1
DA:57,1
DA:58,1
DA:59,1
DA:60,1
DA:61,1
DA:62,1
DA:63,1
DA:64,1
DA:65,1
DA:66,1
DA:67,1
DA:68,1
DA:69,1
DA:70,1
DA:71,1
DA:72,1
DA:73,1
DA:74,1
DA:75,1
DA:76,1
DA:77,1
DA:78,1
DA:79,1
DA:80,1
LF:80
LH:80
BRDA:20,0,0,2
BRDA:29,1,0,1
BRDA:35,2,0,1
BRDA:40,3,0,3
BRDA:43,4,0,1
BRDA:47,5,0,1
BRDA:50,6,0,3
BRDA:58,7,0,1
BRDA:61,8,0,1
BRDA:71,9,0,1
BRDA:72,10,0,1
BRF:11
BRH:11
end_of_record
TN:
SF:src/services/slices/feed-slice/feed.ts
FN:24,extraReducers
FN:38,selectOrdersList
FN:39,selectOrdersAll
FN:40,selectOrdersToday
FNF:4
FNH:4
FNDA:1,extraReducers
FNDA:1,selectOrdersList
FNDA:1,selectOrdersAll
FNDA:1,selectOrdersToday
DA:1,1
DA:2,1
DA:3,1
DA:4,1
DA:5,1
DA:6,1
DA:7,1
DA:8,1
DA:9,1
DA:10,1
DA:11,1
DA:12,1
DA:13,1
DA:14,1
DA:15,1
DA:16,1
DA:17,1
DA:18,1
DA:19,1
DA:20,1
DA:21,1
DA:22,1
DA:23,1
DA:24,1
DA:25,1
DA:26,1
DA:27,1
DA:28,1
DA:29,1
DA:30,1
DA:31,1
DA:32,1
DA:33,1
DA:34,1
DA:35,1
DA:36,1
DA:37,1
DA:38,1
DA:39,1
DA:40,1
DA:41,1
DA:42,1
DA:43,1
DA:44,1
DA:45,1
DA:46,1
DA:47,1
LF:47
LH:47
BRDA:24,0,0,1
BRDA:26,1,0,1
BRDA:29,2,0,1
BRDA:33,3,0,1
BRDA:38,4,0,1
BRDA:39,5,0,1
BRDA:40,6,0,1
BRF:7
BRH:7
end_of_record
TN:
SF:src/services/slices/ingredients-slice/ingredients.ts
FN:22,extraReducers
FN:34,selectIngredients
FN:35,selectIngredientsStatus
FNF:3
FNH:3
FNDA:1,extraReducers
FNDA:1,selectIngredients
FNDA:1,selectIngredientsStatus
DA:1,1
DA:2,1
DA:3,1
DA:4,1
DA:5,1
DA:6,1
DA:7,1
DA:8,1
DA:9,1
DA:10,1
DA:11,1
DA:12,1
DA:13,1
DA:14,1
DA:15,1
DA:16,1
DA:17,1
DA:18,1
DA:19,1
DA:20,1
DA:21,1
DA:22,1
DA:23,1
DA:24,1
DA:25,1
DA:26,1
DA:27,1
DA:28,1
DA:29,1
DA:30,1
DA:31,1
DA:32,1
DA:33,1
DA:34,1
DA:35,1
DA:36,1
DA:37,1
DA:38,1
DA:39,1
DA:40,1
DA:41,1
DA:42,1
DA:43,1
DA:44,1
DA:45,1
DA:46,1
LF:46
LH:46
BRDA:22,0,0,1
BRDA:24,1,0,1
BRDA:27,2,0,1
BRDA:34,3,0,1
BRDA:35,4,0,1
BRF:5
BRH:5
end_of_record
TN:
SF:src/services/slices/order-slice/order.ts
FN:22,deleteOrderInfo
FN:25,setNewOrderRequest
FN:29,extraReducers
FN:44,selectNewOrderRequest
FN:45,selectNewOrder
FNF:5
FNH:5
FNDA:1,deleteOrderInfo
FNDA:1,setNewOrderRequest
FNDA:1,extraReducers
FNDA:1,selectNewOrderRequest
FNDA:1,selectNewOrder
DA:1,1
DA:2,1
DA:3,1
DA:4,1
DA:5,1
DA:6,1
DA:7,1
DA:8,1
DA:9,1
DA:10,1
DA:11,1
DA:12,1
DA:13,1
DA:14,1
DA:15,1
DA:16,1
DA:17,1
DA:18,1
DA:19,1
DA:20,1
DA:21,1
DA:22,1
DA:23,1
DA:24,1
DA:25,1
DA:26,1
DA:27,1
DA:28,1
DA:29,1
DA:30,1
DA:31,1
DA:32,1
DA:33,1
DA:34,1
DA:35,1
DA:36,1
DA:37,1
DA:38,1
DA:39,1
DA:40,1
DA:41,1
DA:42,1
DA:43,1
DA:44,1
DA:45,1
DA:46,1
DA:47,1
DA:48,1
DA:49,1
DA:50,1
DA:51,1
DA:52,1
DA:53,1
LF:53
LH:53
BRDA:22,0,0,1
BRDA:25,1,0,1
BRDA:29,2,0,1
BRDA:31,3,0,1
BRDA:35,4,0,1
BRDA:39,5,0,1
BRDA:44,6,0,1
BRDA:45,7,0,1
BRF:8
BRH:8
end_of_record
TN:
SF:src/services/slices/orders-slice/orders.ts
FN:21,addOrder
FN:25,extraReducers
FN:41,selectOrders
FN:42,selectOrdersStatus
FNF:4
FNH:4
FNDA:1,addOrder
FNDA:1,extraReducers
FNDA:1,selectOrders
FNDA:1,selectOrdersStatus
DA:1,1
DA:2,1
DA:3,1
DA:4,1
DA:5,1
DA:6,1
DA:7,1
DA:8,1
DA:9,1
DA:10,1
DA:11,1
DA:12,1
DA:13,1
DA:14,1
DA:15,1
DA:16,1
DA:17,1
DA:18,1
DA:19,1
DA:20,1
DA:21,1
DA:22,1
DA:23,1
DA:24,1
DA:25,1
DA:26,1
DA:27,1
DA:28,1
DA:29,1
DA:30,1
DA:31,1
DA:32,1
DA:33,1
DA:34,1
DA:35,1
DA:36,1
DA:37,1
DA:38,1
DA:39,1
DA:40,1
DA:41,1
DA:42,1
DA:43,1
DA:44,1
DA:45,1
DA:46,1
DA:47,1
DA:48,1
DA:49,1
DA:50,1
DA:51,1
DA:52,1
DA:53,1
LF:53
LH:53
BRDA:21,0,0,1
BRDA:25,1,0,1
BRDA:27,2,0,1
BRDA:33,3,0,1
BRDA:36,4,0,1
BRDA:41,5,0,1
BRDA:42,6,0,1
BRF:7
BRH:7
end_of_record
TN:
SF:src/services/slices/user-slice/user.ts
FN:32,setUserCheck
FN:35,setUserData
FN:42,extraReducers
FN:78,selectUser
FN:79,selectUserCheck
FNF:5
FNH:5
FNDA:1,setUserCheck
FNDA:1,setUserData
FNDA:1,extraReducers
FNDA:1,selectUser
FNDA:1,selectUserCheck
DA:1,1
DA:2,1
DA:3,1
DA:4,1
DA:5,1
DA:6,1
DA:7,1
DA:8,1
DA:9,1
DA:10,1
DA:11,1
DA:12,1
DA:13,1
DA:14,1
DA:15,1
DA:16,1
DA:17,1
DA:18,1
DA:19,1
DA:20,1
DA:21,1
DA:22,1
DA:23,1
DA:24,1
DA:25,1
DA:26,1
DA:27,1
DA:28,1
DA:29,1
DA:30,1
DA:31,1
DA:32,1
DA:33,1
DA:34,1
DA:35,1
DA:36,1
DA:37,1
DA:38,1
DA:39,1
DA:40,1
DA:41,1
DA:42,1
DA:43,1
DA:44,1
DA:45,1
DA:46,1
DA:47,1
DA:48,1
DA:49,1
DA:50,1
DA:51,1
DA:52,1
DA:53,1
DA:54,1
DA:55,1
DA:56,1
DA:57,1
DA:58,1
DA:59,1
DA:60,1
DA:61,1
DA:62,1
DA:63,4
DA:64,4
DA:65,4
DA:66,4
DA:67,4
DA:68,4
DA:69,1
DA:70,1
DA:71,5
DA:72,1
DA:73,1
DA:74,5
DA:75,1
DA:76,1
DA:77,1
DA:78,1
DA:79,1
DA:80,1
DA:81,1
DA:82,1
DA:83,1
DA:84,1
DA:85,1
DA:86,1
DA:87,1
DA:88,1
DA:89,1
DA:90,1
DA:91,1
DA:92,1
DA:93,1
DA:94,1
DA:95,1
LF:95
LH:95
BRDA:32,0,0,1
BRDA:35,1,0,1
BRDA:42,2,0,1
BRDA:44,3,0,1
BRDA:50,4,0,1
BRDA:54,5,0,1
BRDA:58,6,0,1
BRDA:62,7,0,4
BRDA:63,8,0,0
BRDA:66,9,0,0
BRDA:70,10,0,5
BRDA:73,11,0,5
BRDA:78,12,0,1
BRDA:79,13,0,1
BRF:14
BRH:12
end_of_record
